0 info it worked if it ends with ok
1 verbose cli [ '/home/sunaemon/.nvm/versions/node/v6.9.3/bin/node',
1 verbose cli   '/home/sunaemon/.nvm/versions/node/v6.9.3/bin/npm',
1 verbose cli   'run',
1 verbose cli   'lint' ]
2 info using npm@3.10.10
3 info using node@v6.9.3
4 verbose run-script [ 'prelint', 'lint', 'postlint' ]
5 info lifecycle kifu-analysis@0.0.0~prelint: kifu-analysis@0.0.0
6 silly lifecycle kifu-analysis@0.0.0~prelint: no script for prelint, continuing
7 info lifecycle kifu-analysis@0.0.0~lint: kifu-analysis@0.0.0
8 verbose lifecycle kifu-analysis@0.0.0~lint: unsafe-perm in lifecycle true
9 verbose lifecycle kifu-analysis@0.0.0~lint: PATH: /home/sunaemon/.nvm/versions/node/v6.9.3/lib/node_modules/npm/bin/node-gyp-bin:/home/sunaemon/kifu-analysis/server-lib/node_modules/.bin:/home/sunaemon/.nvm/versions/node/v6.9.3/bin:/home/sunaemon/.rvm/gems/ruby-2.1.2/bin:/home/sunaemon/.rvm/gems/ruby-2.1.2@global/bin:/home/sunaemon/.rvm/rubies/ruby-2.1.2/bin:/usr/local/sbin:/usr/local/bin:/usr/bin:/usr/bin/site_perl:/usr/bin/vendor_perl:/usr/bin/core_perl:/home/sunaemon/p/bin:/home/sunaemon/.cargo/bin:/home/sunaemon/.rvm/bin:/home/sunaemon/p/bin:/home/sunaemon/.cargo/bin:/home/sunaemon/p/bin:/home/sunaemon/.cargo/bin
10 verbose lifecycle kifu-analysis@0.0.0~lint: CWD: /home/sunaemon/kifu-analysis/server-lib
11 silly lifecycle kifu-analysis@0.0.0~lint: Args: [ '-c', 'eslint app/scripts/*.js' ]
12 silly lifecycle kifu-analysis@0.0.0~lint: Returned: code: 1  signal: null
13 info lifecycle kifu-analysis@0.0.0~lint: Failed to exec lint script
14 verbose stack Error: kifu-analysis@0.0.0 lint: `eslint app/scripts/*.js`
14 verbose stack Exit status 1
14 verbose stack     at EventEmitter.<anonymous> (/home/sunaemon/.nvm/versions/node/v6.9.3/lib/node_modules/npm/lib/utils/lifecycle.js:255:16)
14 verbose stack     at emitTwo (events.js:106:13)
14 verbose stack     at EventEmitter.emit (events.js:191:7)
14 verbose stack     at ChildProcess.<anonymous> (/home/sunaemon/.nvm/versions/node/v6.9.3/lib/node_modules/npm/lib/utils/spawn.js:40:14)
14 verbose stack     at emitTwo (events.js:106:13)
14 verbose stack     at ChildProcess.emit (events.js:191:7)
14 verbose stack     at maybeClose (internal/child_process.js:877:16)
14 verbose stack     at Process.ChildProcess._handle.onexit (internal/child_process.js:226:5)
15 verbose pkgid kifu-analysis@0.0.0
16 verbose cwd /home/sunaemon/kifu-analysis/server-lib
17 error Linux 4.10.5-1-ARCH
18 error argv "/home/sunaemon/.nvm/versions/node/v6.9.3/bin/node" "/home/sunaemon/.nvm/versions/node/v6.9.3/bin/npm" "run" "lint"
19 error node v6.9.3
20 error npm  v3.10.10
21 error code ELIFECYCLE
22 error kifu-analysis@0.0.0 lint: `eslint app/scripts/*.js`
22 error Exit status 1
23 error Failed at the kifu-analysis@0.0.0 lint script 'eslint app/scripts/*.js'.
23 error Make sure you have the latest version of node.js and npm installed.
23 error If you do, this is most likely a problem with the kifu-analysis package,
23 error not with npm itself.
23 error Tell the author that this fails on your system:
23 error     eslint app/scripts/*.js
23 error You can get information on how to open an issue for this project with:
23 error     npm bugs kifu-analysis
23 error Or if that isn't available, you can get their info via:
23 error     npm owner ls kifu-analysis
23 error There is likely additional logging output above.
24 verbose exit [ 1, true ]
